enter file name: 449028 words were found
first 10 words:  ['Лев', 'Николаевич', 'Толстой', 'Война', 'и', 'мир', 'ЧАСТЬ', 'ПЕРВАЯ', 'I', 'Еh']
first 10 lemmas:  ['левый', 'николай', 'толстой', 'война', 'и', 'мир', 'часть', 'один', 'i', 'еh']
21665 different lemmas were found
first 10 freqs:  [([21083, {'И', 'и'}], 'и'), ([14705, {'нему', 'него', 'ним', 'его', 'Он', 'он', 'ему', 'Ему', 'Его'}], 'он'), ([11458, {'Во', 'во', 'В', 'в'}], 'в'), ([8501, {'не', 'Не'}], 'не'), ([7810, {'чего', 'Что', 'что', 'чему', 'Чего', 'Чему'}], 'что'), ([7320, {'будешь', 'будем', 'Будь', 'Будешь', 'Будьте', 'будь', 'Будет', 'были', 'будет', 'Была', 'будут', 'Бывши', 'был', 'Был', 'Буду', 'Были', 'Будут', 'суть', 'буду', 'будучи', 'быть', 'Было', 'было', 'была', 'будете', 'Быть', 'будьте', 'Будем'}], 'быть'), ([6677, {'на', 'На'}], 'на'), ([6227, {'с', 'Со', 'со', 'С'}], 'с'), ([5522, {'ею', 'Ней', 'она', 'ней', 'ей', 'ее', 'Ее', 'Ей', 'Она'}], 'она'), ([4216, {'Я', 'мне', 'Меня', 'мной', 'я', 'Мне', 'Мною', 'мною', 'МНЕ', 'меня'}], 'я')]
Starting seeking in Wiktionary...

толстой doesn't exist

еh doesn't exist

genes doesn't exist

lucques doesn't exist

ne doesn't exist

sont doesn't exist

des doesn't exist

apanages doesn't exist

buonaparte doesn't exist

previens doesn't exist

dites doesn't exist

avons doesn't exist

permettez doesn't exist

pallier doesn't exist

toutes doesn't exist

les doesn't exist

infamies doesn't exist

atrocites doesn't exist

cet doesn't exist

antichrist doesn't exist

j'y doesn't exist

crois doesn't exist

connais doesn't exist

n'etes doesn't exist

vois doesn't exist

fais doesn't exist

1805 doesn't exist

анна doesn't exist

павло doesn't exist

шерер doesn't exist

мария doesn't exist

феодоровный doesn't exist
found redirect: василий to Василий

нея doesn't exist

n'avez doesn't exist

perspective doesn't exist

soiree doesn't exist

effraye doesn't exist

serai doesn't exist

charmee doesn't exist

7 doesn't exist

10 doesn't exist

annette doesn't exist

scherer doesn't exist

quelle doesn't exist

virulente doesn't exist

состаревшийся doesn't exist

анне doesn't exist

allez doesn't exist

chere doesn't exist

avoue doesn't exist

ces doesn't exist

fetes doesn't exist

tous doesn't exist

feux doesn't exist

d'artifice doesn't exist

commencent doesn't exist

insipides doesn't exist

tourmentez doesn't exist

qu'a-t-on doesn't exist

decide doesn't exist

par doesn't exist

depeche doesn't exist

novosiizoff doesn't exist

savez doesn't exist

-- doesn't exist

brule doesn't exist

ses doesn't exist

vaisseaux doesn't exist

sommes doesn't exist

notres doesn't exist

пиес doesn't exist

австрия doesn't exist

россия doesn't exist
found redirect: европа to Европа

англия doesn't exist
found redirect: александр to Александр

новосильцов doesn't exist

пруссия doesn't exist

бонапарт doesn't exist

гарденберг doesn't exist

гаугвица doesn't exist

cette doesn't exist

fameuse doesn't exist

neutralite doesn't exist

prussienne doesn't exist

ce doesn't exist

n'est doesn't exist

qu'un doesn't exist

piege doesn't exist

винценгерод doesn't exist

успокоиваться doesn't exist

mortemariet doesn't exist

allie doesn't exist

aux doesn't exist

montmorency doesn't exist

rohans doesn't exist
found redirect: франция to Франция

l'abbe doesn't exist

morio doesn't exist
found redirect: знаете to знать

особенно-небрежно doesn't exist

l'imperatrice-mere doesn't exist

функа doesn't exist

c'est doesn't exist

qu'il doesn't exist

parait doesn't exist

феодор doesn't exist

funke doesn't exist

ete doesn't exist

recommande doesn't exist

sa doesn't exist

soeur doesn't exist

d'estime doesn't exist

щелконуть doesn't exist

delices doesn't exist

trouve doesn't exist

анатоль doesn't exist

voulez-vous doesn't exist

lafater doesn't exist

aurait doesn't exist

n'ai doesn't exist

paterienite doesn't exist

imbeciles doesn't exist

ипполит doesn't exist

неожиданно-грубый doesn't exist

suis doesn't exist

seule doesn't exist

l'avouer doesn't exist

entraves doesn't exist
found redirect: говорят to говорить
found redirect: ont to -ont-
found redirect: ont to -ont-

ont doesn't exist

marieiages doesn't exist

parente doesn't exist

болконский doesn't exist

голов doesn't exist

40 doesn't exist

000 doesn't exist

voila doesn't exist
found redirect: l'avantage to avantage
found redirect: l'avantage to avantage

d'etre doesn't exist

pere doesn't exist

malheureuse doesn't exist

pierres doesn't exist

мейнный doesn't exist

кутузов doesn't exist

ecoutez doesn't exist

arrangez-moi doesn't exist

m'ecrit doesn't exist

покой-ер-п doesn't exist

attendez doesn't exist

sera doesn't exist

ferai doesn't exist

vieille doesn't exist

ii doesn't exist

петербург doesn't exist

элен doesn't exist

seduisante doesn't exist

petersbourg doesn't exist

мортемар doesn't exist

морио doesn't exist

многие doesn't exist

тем doesn't exist

вполне-привлекательный doesn't exist
found redirect: казалось to казаться

белые doesn't exist

j'ai doesn't exist

apporte doesn't exist

jouez doesn't exist

m'avez doesn't exist

ecrit doesn't exist

c'etait doesn't exist

toute doesn't exist

voyez doesn't exist

attifee doesn't exist

soyez doesn't exist

serez doesn't exist

jolie doesn't exist

m'abandonne doesn't exist

va doesn't exist

vilaine doesn't exist

delicieuse doesn't exist
found redirect: москва to Москва

пьер doesn't exist

aimable doesn't exist

venu doesn't exist

мортемара doesn't exist

iii doesn't exist

красавица-княжна doesn't exist
found redirect: третье to третий

метрд`отель doesn't exist

сверхъестественно-прекрасный doesn't exist

энгиенский doesn't exist

ah doesn't exist

voyons doesn't exist

contez-nous doesn't exist

cela doesn't exist

xv doesn't exist

parfait doesn't exist

voit doesn't exist

l'homme doesn't exist

helene doesn't exist

неизменяться doesn't exist

котора doesn't exist

бела doesn't exist

плющий doesn't exist

мохома doesn't exist

победительно-действующий doesn't exist

crains doesn't exist

mes doesn't exist

moyens doesn't exist

ожерелие doesn't exist

vais doesn't exist

quoi doesn't exist

pensez-vous doesn't exist

apportez-moi doesn't exist

hippolyte doesn't exist

сестра-красавица doesn't exist

revenants doesn't exist

deteste doesn't exist

histoires doesn't exist

темнозелёный doesn't exist

effrayee doesn't exist

париж doesn't exist

m-lle doesn't exist

george doesn't exist

это-то doesn't exist

мила doesn't exist

притворно-сладкое doesn't exist

iv doesn't exist

андрей doesn't exist

enrolez doesn't exist

general doesn't exist

koutouzoff doesn't exist

zoff doesn't exist

voulu doesn't exist

aide-de-camp doesn't exist

andre doesn't exist

жорж doesn't exist

неожиданно-добрый doesn't exist

василь doesn't exist

васило doesn't exist
found redirect: борис to Борис

поверьте doesn't exist

румянцев doesn't exist

голицын doesn't exist

друбецкий doesn't exist

аvez doesn't exist

михайло doesn't exist

gardes doesn't exist

михаил doesn't exist

иларион doesn't exist

au doesn't exist

basile doesn't exist

comedie doesn't exist

viennent doesn't exist

presenter doesn't exist

leurs doesn't exist

voeux doesn't exist

assis doesn't exist

trone doesn't exist

exaucant doesn't exist

nations doesn't exist

adorable doesn't exist

folle doesn't exist

dirait doesn't exist

tete doesn't exist

tres doesn't exist

prononcant doesn't exist

paroles doesn't exist

по-итальянск doesn't exist

dio doesn't exist

mi doesn't exist

dona doesn't exist

guai doesn't exist

chi doesn't exist

tocca doesn't exist

j'espere doesn't exist

ca doesn't exist

d'eau doesn't exist

fera doesn't exist

deborder doesn't exist

souverains doesn't exist

peuvent doesn't exist

supporter doesn't exist
found redirect: parle to parler
found redirect: parle to parler

russie doesn't exist

qu'ont doesn't exist

xvii doesn't exist

elisabeth doesn't exist

croyez-moi doesn't exist

subissent doesn't exist

bourbons doesn't exist

envoient doesn't exist

ambassadeurs doesn't exist

complimenter doesn't exist

l'usurpateur doesn't exist

конда doesn't exist

baton doesn't exist

engrele doesn't exist

d'azur doesn't exist

conde doesn't exist

bonaparte doesn't exist

l'a doesn't exist

ai doesn't exist

n'en doesn't exist

ouvert doesn't exist

antichambres doesn't exist

precipites doesn't exist

sais doesn't exist

quel doesn't exist

eu doesn't exist

meme doesn't exist

heros doesn't exist

certaines doesn't exist

l'assassinat doesn't exist

marietyr doesn't exist

dieul doesn't exist

шопотом doesn't exist

trouvez doesn't exist

d'ame doesn't exist

oh doesn't exist

capital doesn't exist

великое doesn't exist

social doesn't exist

эманципация doesn't exist

mы doesn't exist

света doesn't exist

18 doesn't exist

ressemble doesn't exist

maniere doesn't exist

d'agir doesn't exist

d'un doesn't exist
found redirect: африка to Африка

aurez doesn't exist

неулыбка doesn't exist

аркольский doesn't exist

яффа doesn't exist

- doesn't exist
found redirect: aujourd'hui to aujourd’hui
found redirect: aujourd'hui to aujourd’hui

m'a doesn't exist

raconte doesn't exist

anecdote doesn't exist

moscovite doesn't exist

charmante doesn't exist

faut doesn't exist

regale doesn't exist

m'excusez doesn't exist

sentira doesn't exist
found redirect: l'histoire to histoire
found redirect: l'histoire to histoire

moscou doesn't exist

скуп doesn't exist

valets doesn't exist

livree doesn't exist

visites doesn't exist

толки doesn't exist
found redirect: прошедшее to прошедший

vi doesn't exist

трехугольный doesn't exist

arrete doesn't exist

лиза doesn't exist

envisagera doesn't exist

полушопотом doesn't exist

княгинина doesn't exist

рrincesse doesn't exist

па-звольта doesn't exist

сухо-неприятно doesn't exist

tout-a-fait doesn't exist

francaise doesn't exist

savez-vous doesn't exist

etes doesn't exist

plains doesn't exist

mariei doesn't exist

airs doesn't exist

regnant doesn't exist

disiez doesn't exist

russes doesn't exist

valaient doesn't exist

francaises doesn't exist

s'y doesn't exist

гувернёр-аббат doesn't exist

помог doesn't exist

oн doesn't exist

vii doesn't exist

анета doesn't exist

messurs doesn't exist

на-день doesn't exist

апраксин doesn't exist

d'honneur doesn't exist
found redirect: parlez to parler
found redirect: parlez to parler

depart doesn't exist

m'en doesn't exist
found redirect: veux to vouloir
found redirect: veux to vouloir

капризно-игривый doesn't exist

знаешь doesn't exist

avez doesn't exist

dis doesn't exist

велита doesn't exist

сердитый-беличий doesn't exist
found redirect: одной to один

viii doesn't exist

caustique doesn't exist

distinguees doesn't exist

fini doesn't exist

batard doesn't exist

cвободен doesn't exist

курагин doesn't exist

курагина doesn't exist
found redirect: этой to этот

ix doesn't exist

oт doesn't exist

бессумрачный doesn't exist

конно-гвардейский doesn't exist

стивенс doesn't exist

долохов doesn't exist

яков doesn't exist

петруша doesn't exist

разонять doesn't exist

долох doesn't exist

семеновский doesn't exist

усов doesn't exist

замечательный-тонкий doesn't exist

рам doesn't exist

выворотип doesn't exist

рома doesn't exist

нервичёска doesn't exist

вели doesn't exist

ростовый doesn't exist

боренек doesn't exist

10-го doesn't exist

радзивил doesn't exist

наталья doesn't exist

принимания doesn't exist

сher doesn't exist

одинаково-крепкий doesn't exist

молодецк doesn't exist

дмитрия doesn't exist

митенька doesn't exist

марья doesn't exist

карагина doesn't exist

графинина doesn't exist

alitee doesn't exist

razoumowsky doesn't exist

apraksine doesn't exist

heureuse doesn't exist

передвиганий doesn't exist
